<?xml version="1.0" encoding="UTF-8"?>
<testsuites name="jest tests" tests="47" failures="0" errors="0" time="0.424">
  <testsuite name="BulkImportPage Component" errors="0" failures="0" skipped="10" timestamp="2025-07-18T08:16:41" time="0.188" tests="11">
    <testcase classname="BulkImportPage Component" name="should render the bulk import page correctly" time="0.029">
    </testcase>
    <testcase classname="BulkImportPage Component" name="should handle template download" time="0">
      <skipped/>
    </testcase>
    <testcase classname="BulkImportPage Component" name="should handle file selection via input" time="0">
      <skipped/>
    </testcase>
    <testcase classname="BulkImportPage Component" name="should handle drag and drop file selection" time="0">
      <skipped/>
    </testcase>
    <testcase classname="BulkImportPage Component" name="should handle file upload successfully" time="0">
      <skipped/>
    </testcase>
    <testcase classname="BulkImportPage Component" name="should handle upload errors" time="0">
      <skipped/>
    </testcase>
    <testcase classname="BulkImportPage Component" name="should handle network errors during upload" time="0">
      <skipped/>
    </testcase>
    <testcase classname="BulkImportPage Component" name="should clear file when clear button is clicked" time="0">
      <skipped/>
    </testcase>
    <testcase classname="BulkImportPage Component" name="should display loading state during upload" time="0">
      <skipped/>
    </testcase>
    <testcase classname="BulkImportPage Component" name="should handle shop names fetch failure" time="0">
      <skipped/>
    </testcase>
    <testcase classname="BulkImportPage Component" name="should show drag active state" time="0">
      <skipped/>
    </testcase>
  </testsuite>
  <testsuite name="Component Testing" errors="0" failures="0" skipped="14" timestamp="2025-07-18T08:16:41" time="0.057" tests="23">
    <testcase classname="Component Testing › LoginForm Component" name="should render login form correctly" time="0.002">
    </testcase>
    <testcase classname="Component Testing › LoginForm Component" name="should handle form submission with valid data" time="0">
      <skipped/>
    </testcase>
    <testcase classname="Component Testing › LoginForm Component" name="should show loading state" time="0">
      <skipped/>
    </testcase>
    <testcase classname="Component Testing › LoginForm Component" name="should require email and password fields" time="0">
      <skipped/>
    </testcase>
    <testcase classname="Component Testing › InvoiceForm Component" name="should render invoice form correctly" time="0.004">
    </testcase>
    <testcase classname="Component Testing › InvoiceForm Component" name="should handle adding new items" time="0">
      <skipped/>
    </testcase>
    <testcase classname="Component Testing › InvoiceForm Component" name="should handle form submission with complete data" time="0">
      <skipped/>
    </testcase>
    <testcase classname="Component Testing › InvoiceForm Component" name="should populate form with initial data" time="0">
      <skipped/>
    </testcase>
    <testcase classname="Component Testing › DataTable Component" name="should render table with data correctly" time="0.001">
    </testcase>
    <testcase classname="Component Testing › DataTable Component" name="should handle edit and delete actions" time="0">
      <skipped/>
    </testcase>
    <testcase classname="Component Testing › DataTable Component" name="should show loading state" time="0">
      <skipped/>
    </testcase>
    <testcase classname="Component Testing › DataTable Component" name="should render empty table when no data" time="0">
    </testcase>
    <testcase classname="Component Testing › DashboardCard Component" name="should render card with basic data" time="0.001">
    </testcase>
    <testcase classname="Component Testing › DashboardCard Component" name="should render card with change indicator" time="0.001">
    </testcase>
    <testcase classname="Component Testing › DashboardCard Component" name="should render card with decrease indicator" time="0">
    </testcase>
    <testcase classname="Component Testing › DashboardCard Component" name="should show loading state" time="0">
      <skipped/>
    </testcase>
    <testcase classname="Component Testing › SearchFilter Component" name="should render search and filter controls" time="0.002">
    </testcase>
    <testcase classname="Component Testing › SearchFilter Component" name="should handle search submission" time="0">
      <skipped/>
    </testcase>
    <testcase classname="Component Testing › SearchFilter Component" name="should handle filter changes" time="0">
      <skipped/>
    </testcase>
    <testcase classname="Component Testing › SearchFilter Component" name="should initialize with provided filters" time="0">
      <skipped/>
    </testcase>
    <testcase classname="Component Testing › Permission-based Component Rendering" name="should render components when user has permissions" time="0.001">
    </testcase>
    <testcase classname="Component Testing › Permission-based Component Rendering" name="should hide components when user lacks permissions" time="0">
      <skipped/>
    </testcase>
    <testcase classname="Component Testing › Error Boundary and Error Handling" name="should handle component errors gracefully" time="0">
      <skipped/>
    </testcase>
  </testsuite>
  <testsuite name="Purchase Invoice Forms - Distribution Validation" errors="0" failures="0" skipped="13" timestamp="2025-07-18T08:16:41" time="0.041" tests="13">
    <testcase classname="Purchase Invoice Forms - Distribution Validation › Form Validation" name="should show error when no supplier is selected" time="0">
      <skipped/>
    </testcase>
    <testcase classname="Purchase Invoice Forms - Distribution Validation › Form Validation" name="should disable submit button when no items are added" time="0">
      <skipped/>
    </testcase>
    <testcase classname="Purchase Invoice Forms - Distribution Validation › Form Validation" name="should show error when no shops are configured" time="0">
      <skipped/>
    </testcase>
    <testcase classname="Purchase Invoice Forms - Distribution Validation › Distribution Status Indicators" name="should show &quot;Not distributed&quot; status initially" time="0">
      <skipped/>
    </testcase>
    <testcase classname="Purchase Invoice Forms - Distribution Validation › Distribution Status Indicators" name="should show &quot;Partial distributed&quot; status" time="0">
      <skipped/>
    </testcase>
    <testcase classname="Purchase Invoice Forms - Distribution Validation › Distribution Status Indicators" name="should show &quot;Fully distributed&quot; status" time="0">
      <skipped/>
    </testcase>
    <testcase classname="Purchase Invoice Forms - Distribution Validation › Distribution Status Indicators" name="should show &quot;Over-distributed&quot; status" time="0">
      <skipped/>
    </testcase>
    <testcase classname="Purchase Invoice Forms - Distribution Validation › Validation Summary" name="should show validation error when items are not distributed" time="0">
      <skipped/>
    </testcase>
    <testcase classname="Purchase Invoice Forms - Distribution Validation › Validation Summary" name="should show validation success when all items are distributed" time="0">
      <skipped/>
    </testcase>
    <testcase classname="Purchase Invoice Forms - Distribution Validation › Submit Button State" name="should disable submit button when validation fails" time="0">
      <skipped/>
    </testcase>
    <testcase classname="Purchase Invoice Forms - Distribution Validation › Submit Button State" name="should enable submit button when validation passes" time="0">
      <skipped/>
    </testcase>
    <testcase classname="Purchase Invoice Forms - Distribution Validation › Submit Button State" name="should successfully submit when all validations pass" time="0">
      <skipped/>
    </testcase>
    <testcase classname="Purchase Invoice Forms - Distribution Validation › Multiple Items Validation" name="should validate all items before allowing submission" time="0">
      <skipped/>
    </testcase>
  </testsuite>
</testsuites>