<?xml version="1.0" encoding="UTF-8"?>
<testsuites name="jest tests" tests="10" failures="4" errors="0" time="0.885">
  <testsuite name="User Creation Process" errors="0" failures="4" skipped="0" timestamp="2025-06-21T13:47:02" time="0.536" tests="10">
    <testcase classname="User Creation Process › User Creation Form" name="should render all form fields correctly" time="0.106">
      <failure>ReferenceError: React is not defined
    at React (/Users/sachin/Documents/md-sports-/tests/unit/userCreation.test.tsx:67:35)
    at renderWithHooks (/Users/sachin/Documents/md-sports-/node_modules/react-dom/cjs/react-dom.development.js:15486:18)
    at mountIndeterminateComponent (/Users/sachin/Documents/md-sports-/node_modules/react-dom/cjs/react-dom.development.js:20103:13)
    at beginWork (/Users/sachin/Documents/md-sports-/node_modules/react-dom/cjs/react-dom.development.js:21626:16)
    at beginWork$1 (/Users/sachin/Documents/md-sports-/node_modules/react-dom/cjs/react-dom.development.js:27465:14)
    at performUnitOfWork (/Users/sachin/Documents/md-sports-/node_modules/react-dom/cjs/react-dom.development.js:26599:12)
    at workLoopSync (/Users/sachin/Documents/md-sports-/node_modules/react-dom/cjs/react-dom.development.js:26505:5)
    at renderRootSync (/Users/sachin/Documents/md-sports-/node_modules/react-dom/cjs/react-dom.development.js:26473:7)
    at recoverFromConcurrentError (/Users/sachin/Documents/md-sports-/node_modules/react-dom/cjs/react-dom.development.js:25889:20)
    at performConcurrentWorkOnRoot (/Users/sachin/Documents/md-sports-/node_modules/react-dom/cjs/react-dom.development.js:25789:22)
    at flushActQueue (/Users/sachin/Documents/md-sports-/node_modules/react/cjs/react.development.js:2667:24)
    at act (/Users/sachin/Documents/md-sports-/node_modules/react/cjs/react.development.js:2582:11)
    at /Users/sachin/Documents/md-sports-/node_modules/@testing-library/react/dist/act-compat.js:47:25
    at renderRoot (/Users/sachin/Documents/md-sports-/node_modules/@testing-library/react/dist/pure.js:190:26)
    at render (/Users/sachin/Documents/md-sports-/node_modules/@testing-library/react/dist/pure.js:292:10)
    at Object.&lt;anonymous&gt; (/Users/sachin/Documents/md-sports-/tests/unit/userCreation.test.tsx:173:13)
    at Promise.then.completed (/Users/sachin/Documents/md-sports-/node_modules/jest-circus/build/utils.js:298:28)
    at new Promise (&lt;anonymous&gt;)
    at callAsyncCircusFn (/Users/sachin/Documents/md-sports-/node_modules/jest-circus/build/utils.js:231:10)
    at _callCircusTest (/Users/sachin/Documents/md-sports-/node_modules/jest-circus/build/run.js:316:40)
    at processTicksAndRejections (node:internal/process/task_queues:105:5)
    at _runTest (/Users/sachin/Documents/md-sports-/node_modules/jest-circus/build/run.js:252:3)
    at _runTestsForDescribeBlock (/Users/sachin/Documents/md-sports-/node_modules/jest-circus/build/run.js:126:9)
    at _runTestsForDescribeBlock (/Users/sachin/Documents/md-sports-/node_modules/jest-circus/build/run.js:121:9)
    at _runTestsForDescribeBlock (/Users/sachin/Documents/md-sports-/node_modules/jest-circus/build/run.js:121:9)
    at run (/Users/sachin/Documents/md-sports-/node_modules/jest-circus/build/run.js:71:3)
    at runAndTransformResultsToJestFormat (/Users/sachin/Documents/md-sports-/node_modules/jest-circus/build/legacy-code-todo-rewrite/jestAdapterInit.js:122:21)
    at jestAdapter (/Users/sachin/Documents/md-sports-/node_modules/jest-circus/build/legacy-code-todo-rewrite/jestAdapter.js:79:19)
    at runTestInternal (/Users/sachin/Documents/md-sports-/node_modules/jest-runner/build/runTest.js:367:16)
    at runTest (/Users/sachin/Documents/md-sports-/node_modules/jest-runner/build/runTest.js:444:34)</failure>
    </testcase>
    <testcase classname="User Creation Process › User Creation Form" name="should handle form input changes" time="0.036">
      <failure>ReferenceError: React is not defined
    at React (/Users/sachin/Documents/md-sports-/tests/unit/userCreation.test.tsx:67:35)
    at renderWithHooks (/Users/sachin/Documents/md-sports-/node_modules/react-dom/cjs/react-dom.development.js:15486:18)
    at mountIndeterminateComponent (/Users/sachin/Documents/md-sports-/node_modules/react-dom/cjs/react-dom.development.js:20103:13)
    at beginWork (/Users/sachin/Documents/md-sports-/node_modules/react-dom/cjs/react-dom.development.js:21626:16)
    at beginWork$1 (/Users/sachin/Documents/md-sports-/node_modules/react-dom/cjs/react-dom.development.js:27465:14)
    at performUnitOfWork (/Users/sachin/Documents/md-sports-/node_modules/react-dom/cjs/react-dom.development.js:26599:12)
    at workLoopSync (/Users/sachin/Documents/md-sports-/node_modules/react-dom/cjs/react-dom.development.js:26505:5)
    at renderRootSync (/Users/sachin/Documents/md-sports-/node_modules/react-dom/cjs/react-dom.development.js:26473:7)
    at recoverFromConcurrentError (/Users/sachin/Documents/md-sports-/node_modules/react-dom/cjs/react-dom.development.js:25889:20)
    at performConcurrentWorkOnRoot (/Users/sachin/Documents/md-sports-/node_modules/react-dom/cjs/react-dom.development.js:25789:22)
    at flushActQueue (/Users/sachin/Documents/md-sports-/node_modules/react/cjs/react.development.js:2667:24)
    at act (/Users/sachin/Documents/md-sports-/node_modules/react/cjs/react.development.js:2582:11)
    at /Users/sachin/Documents/md-sports-/node_modules/@testing-library/react/dist/act-compat.js:47:25
    at renderRoot (/Users/sachin/Documents/md-sports-/node_modules/@testing-library/react/dist/pure.js:190:26)
    at render (/Users/sachin/Documents/md-sports-/node_modules/@testing-library/react/dist/pure.js:292:10)
    at Object.&lt;anonymous&gt; (/Users/sachin/Documents/md-sports-/tests/unit/userCreation.test.tsx:188:13)
    at Promise.then.completed (/Users/sachin/Documents/md-sports-/node_modules/jest-circus/build/utils.js:298:28)
    at new Promise (&lt;anonymous&gt;)
    at callAsyncCircusFn (/Users/sachin/Documents/md-sports-/node_modules/jest-circus/build/utils.js:231:10)
    at _callCircusTest (/Users/sachin/Documents/md-sports-/node_modules/jest-circus/build/run.js:316:40)
    at processTicksAndRejections (node:internal/process/task_queues:105:5)
    at _runTest (/Users/sachin/Documents/md-sports-/node_modules/jest-circus/build/run.js:252:3)
    at _runTestsForDescribeBlock (/Users/sachin/Documents/md-sports-/node_modules/jest-circus/build/run.js:126:9)
    at _runTestsForDescribeBlock (/Users/sachin/Documents/md-sports-/node_modules/jest-circus/build/run.js:121:9)
    at _runTestsForDescribeBlock (/Users/sachin/Documents/md-sports-/node_modules/jest-circus/build/run.js:121:9)
    at run (/Users/sachin/Documents/md-sports-/node_modules/jest-circus/build/run.js:71:3)
    at runAndTransformResultsToJestFormat (/Users/sachin/Documents/md-sports-/node_modules/jest-circus/build/legacy-code-todo-rewrite/jestAdapterInit.js:122:21)
    at jestAdapter (/Users/sachin/Documents/md-sports-/node_modules/jest-circus/build/legacy-code-todo-rewrite/jestAdapter.js:79:19)
    at runTestInternal (/Users/sachin/Documents/md-sports-/node_modules/jest-runner/build/runTest.js:367:16)
    at runTest (/Users/sachin/Documents/md-sports-/node_modules/jest-runner/build/runTest.js:444:34)</failure>
    </testcase>
    <testcase classname="User Creation Process › User Creation Form" name="should handle permission selection" time="0.016">
      <failure>ReferenceError: React is not defined
    at React (/Users/sachin/Documents/md-sports-/tests/unit/userCreation.test.tsx:67:35)
    at renderWithHooks (/Users/sachin/Documents/md-sports-/node_modules/react-dom/cjs/react-dom.development.js:15486:18)
    at mountIndeterminateComponent (/Users/sachin/Documents/md-sports-/node_modules/react-dom/cjs/react-dom.development.js:20103:13)
    at beginWork (/Users/sachin/Documents/md-sports-/node_modules/react-dom/cjs/react-dom.development.js:21626:16)
    at beginWork$1 (/Users/sachin/Documents/md-sports-/node_modules/react-dom/cjs/react-dom.development.js:27465:14)
    at performUnitOfWork (/Users/sachin/Documents/md-sports-/node_modules/react-dom/cjs/react-dom.development.js:26599:12)
    at workLoopSync (/Users/sachin/Documents/md-sports-/node_modules/react-dom/cjs/react-dom.development.js:26505:5)
    at renderRootSync (/Users/sachin/Documents/md-sports-/node_modules/react-dom/cjs/react-dom.development.js:26473:7)
    at recoverFromConcurrentError (/Users/sachin/Documents/md-sports-/node_modules/react-dom/cjs/react-dom.development.js:25889:20)
    at performConcurrentWorkOnRoot (/Users/sachin/Documents/md-sports-/node_modules/react-dom/cjs/react-dom.development.js:25789:22)
    at flushActQueue (/Users/sachin/Documents/md-sports-/node_modules/react/cjs/react.development.js:2667:24)
    at act (/Users/sachin/Documents/md-sports-/node_modules/react/cjs/react.development.js:2582:11)
    at /Users/sachin/Documents/md-sports-/node_modules/@testing-library/react/dist/act-compat.js:47:25
    at renderRoot (/Users/sachin/Documents/md-sports-/node_modules/@testing-library/react/dist/pure.js:190:26)
    at render (/Users/sachin/Documents/md-sports-/node_modules/@testing-library/react/dist/pure.js:292:10)
    at Object.&lt;anonymous&gt; (/Users/sachin/Documents/md-sports-/tests/unit/userCreation.test.tsx:206:13)
    at Promise.then.completed (/Users/sachin/Documents/md-sports-/node_modules/jest-circus/build/utils.js:298:28)
    at new Promise (&lt;anonymous&gt;)
    at callAsyncCircusFn (/Users/sachin/Documents/md-sports-/node_modules/jest-circus/build/utils.js:231:10)
    at _callCircusTest (/Users/sachin/Documents/md-sports-/node_modules/jest-circus/build/run.js:316:40)
    at processTicksAndRejections (node:internal/process/task_queues:105:5)
    at _runTest (/Users/sachin/Documents/md-sports-/node_modules/jest-circus/build/run.js:252:3)
    at _runTestsForDescribeBlock (/Users/sachin/Documents/md-sports-/node_modules/jest-circus/build/run.js:126:9)
    at _runTestsForDescribeBlock (/Users/sachin/Documents/md-sports-/node_modules/jest-circus/build/run.js:121:9)
    at _runTestsForDescribeBlock (/Users/sachin/Documents/md-sports-/node_modules/jest-circus/build/run.js:121:9)
    at run (/Users/sachin/Documents/md-sports-/node_modules/jest-circus/build/run.js:71:3)
    at runAndTransformResultsToJestFormat (/Users/sachin/Documents/md-sports-/node_modules/jest-circus/build/legacy-code-todo-rewrite/jestAdapterInit.js:122:21)
    at jestAdapter (/Users/sachin/Documents/md-sports-/node_modules/jest-circus/build/legacy-code-todo-rewrite/jestAdapter.js:79:19)
    at runTestInternal (/Users/sachin/Documents/md-sports-/node_modules/jest-runner/build/runTest.js:367:16)
    at runTest (/Users/sachin/Documents/md-sports-/node_modules/jest-runner/build/runTest.js:444:34)</failure>
    </testcase>
    <testcase classname="User Creation Process › User Creation Form" name="should submit form with correct data" time="0.015">
      <failure>ReferenceError: React is not defined
    at React (/Users/sachin/Documents/md-sports-/tests/unit/userCreation.test.tsx:67:35)
    at renderWithHooks (/Users/sachin/Documents/md-sports-/node_modules/react-dom/cjs/react-dom.development.js:15486:18)
    at mountIndeterminateComponent (/Users/sachin/Documents/md-sports-/node_modules/react-dom/cjs/react-dom.development.js:20103:13)
    at beginWork (/Users/sachin/Documents/md-sports-/node_modules/react-dom/cjs/react-dom.development.js:21626:16)
    at beginWork$1 (/Users/sachin/Documents/md-sports-/node_modules/react-dom/cjs/react-dom.development.js:27465:14)
    at performUnitOfWork (/Users/sachin/Documents/md-sports-/node_modules/react-dom/cjs/react-dom.development.js:26599:12)
    at workLoopSync (/Users/sachin/Documents/md-sports-/node_modules/react-dom/cjs/react-dom.development.js:26505:5)
    at renderRootSync (/Users/sachin/Documents/md-sports-/node_modules/react-dom/cjs/react-dom.development.js:26473:7)
    at recoverFromConcurrentError (/Users/sachin/Documents/md-sports-/node_modules/react-dom/cjs/react-dom.development.js:25889:20)
    at performConcurrentWorkOnRoot (/Users/sachin/Documents/md-sports-/node_modules/react-dom/cjs/react-dom.development.js:25789:22)
    at flushActQueue (/Users/sachin/Documents/md-sports-/node_modules/react/cjs/react.development.js:2667:24)
    at act (/Users/sachin/Documents/md-sports-/node_modules/react/cjs/react.development.js:2582:11)
    at /Users/sachin/Documents/md-sports-/node_modules/@testing-library/react/dist/act-compat.js:47:25
    at renderRoot (/Users/sachin/Documents/md-sports-/node_modules/@testing-library/react/dist/pure.js:190:26)
    at render (/Users/sachin/Documents/md-sports-/node_modules/@testing-library/react/dist/pure.js:292:10)
    at Object.&lt;anonymous&gt; (/Users/sachin/Documents/md-sports-/tests/unit/userCreation.test.tsx:218:13)
    at Promise.then.completed (/Users/sachin/Documents/md-sports-/node_modules/jest-circus/build/utils.js:298:28)
    at new Promise (&lt;anonymous&gt;)
    at callAsyncCircusFn (/Users/sachin/Documents/md-sports-/node_modules/jest-circus/build/utils.js:231:10)
    at _callCircusTest (/Users/sachin/Documents/md-sports-/node_modules/jest-circus/build/run.js:316:40)
    at processTicksAndRejections (node:internal/process/task_queues:105:5)
    at _runTest (/Users/sachin/Documents/md-sports-/node_modules/jest-circus/build/run.js:252:3)
    at _runTestsForDescribeBlock (/Users/sachin/Documents/md-sports-/node_modules/jest-circus/build/run.js:126:9)
    at _runTestsForDescribeBlock (/Users/sachin/Documents/md-sports-/node_modules/jest-circus/build/run.js:121:9)
    at _runTestsForDescribeBlock (/Users/sachin/Documents/md-sports-/node_modules/jest-circus/build/run.js:121:9)
    at run (/Users/sachin/Documents/md-sports-/node_modules/jest-circus/build/run.js:71:3)
    at runAndTransformResultsToJestFormat (/Users/sachin/Documents/md-sports-/node_modules/jest-circus/build/legacy-code-todo-rewrite/jestAdapterInit.js:122:21)
    at jestAdapter (/Users/sachin/Documents/md-sports-/node_modules/jest-circus/build/legacy-code-todo-rewrite/jestAdapter.js:79:19)
    at runTestInternal (/Users/sachin/Documents/md-sports-/node_modules/jest-runner/build/runTest.js:367:16)
    at runTest (/Users/sachin/Documents/md-sports-/node_modules/jest-runner/build/runTest.js:444:34)</failure>
    </testcase>
    <testcase classname="User Creation Process › Form Validation Logic" name="should validate required fields" time="0.002">
    </testcase>
    <testcase classname="User Creation Process › Form Validation Logic" name="should validate password requirements" time="0">
    </testcase>
    <testcase classname="User Creation Process › Form Validation Logic" name="should validate password confirmation" time="0.001">
    </testcase>
    <testcase classname="User Creation Process › Form Validation Logic" name="should validate email format" time="0.001">
    </testcase>
    <testcase classname="User Creation Process › API Integration" name="should call user creation API with correct data" time="0.002">
    </testcase>
    <testcase classname="User Creation Process › API Integration" name="should handle API errors gracefully" time="0.001">
    </testcase>
  </testsuite>
</testsuites>