<?xml version="1.0" encoding="UTF-8"?>
<testsuites name="jest tests" tests="14" failures="1" errors="0" time="0.449">
  <testsuite name="Inventory transfer reservation flow" errors="0" failures="1" skipped="0" timestamp="2025-07-24T03:39:14" time="0.137" tests="1">
    <testcase classname="Inventory transfer reservation flow" name="reservation, cancel, complete flow" time="0">
      <failure>TypeError: Cannot read properties of undefined (reading &apos;id&apos;)
    at Object.id (/Users/sachin/Documents/md-sports-/tests/integration/inventoryTransfer.test.ts:104:21)</failure>
    </testcase>
  </testsuite>
  <testsuite name="Inventory Management System" errors="0" failures="0" skipped="0" timestamp="2025-07-24T03:39:15" time="0.04" tests="13">
    <testcase classname="Inventory Management System › Product Creation and Management" name="should validate product data correctly" time="0.001">
    </testcase>
    <testcase classname="Inventory Management System › Product Creation and Management" name="should calculate weighted average cost correctly" time="0">
    </testcase>
    <testcase classname="Inventory Management System › Product Creation and Management" name="should handle barcode uniqueness validation" time="0.001">
    </testcase>
    <testcase classname="Inventory Management System › Stock Level Management" name="should track stock levels correctly" time="0">
    </testcase>
    <testcase classname="Inventory Management System › Stock Level Management" name="should calculate stock alerts correctly" time="0">
    </testcase>
    <testcase classname="Inventory Management System › Stock Level Management" name="should handle stock distribution across shops" time="0.004">
    </testcase>
    <testcase classname="Inventory Management System › Inventory Transfers" name="should validate transfer data" time="0.001">
    </testcase>
    <testcase classname="Inventory Management System › Inventory Transfers" name="should process transfer correctly" time="0">
    </testcase>
    <testcase classname="Inventory Management System › Category Management" name="should validate category data" time="0">
    </testcase>
    <testcase classname="Inventory Management System › Category Management" name="should handle category hierarchy" time="0.001">
    </testcase>
    <testcase classname="Inventory Management System › Inventory Value Calculations" name="should calculate total inventory value" time="0">
    </testcase>
    <testcase classname="Inventory Management System › Inventory Value Calculations" name="should calculate profit margins" time="0">
    </testcase>
    <testcase classname="Inventory Management System › Permission-based Access" name="should restrict access based on permissions" time="0">
    </testcase>
  </testsuite>
</testsuites>