<?xml version="1.0" encoding="UTF-8"?>
<testsuites name="jest tests" tests="24" failures="0" errors="0" time="1.236">
  <testsuite name="AuditTrailPage" errors="0" failures="0" skipped="0" timestamp="2025-07-29T02:11:36" time="0.895" tests="12">
    <testcase classname="AuditTrailPage › Initial Rendering" name="should render the audit trail page with tabs" time="0.056">
    </testcase>
    <testcase classname="AuditTrailPage › Initial Rendering" name="should render filter controls" time="0.012">
    </testcase>
    <testcase classname="AuditTrailPage › Entity Filter" name="should filter by entity type" time="0.021">
    </testcase>
    <testcase classname="AuditTrailPage › Entity Filter" name="should have entity filter dropdown" time="0.019">
    </testcase>
    <testcase classname="AuditTrailPage › Date Filter" name="should filter by date range" time="0.175">
    </testcase>
    <testcase classname="AuditTrailPage › Date Filter" name="should handle date filter interactions" time="0.032">
    </testcase>
    <testcase classname="AuditTrailPage › Tab Switching" name="should switch between recycle bin and audit history tabs" time="0.029">
    </testcase>
    <testcase classname="AuditTrailPage › Data Display" name="should display recycle bin items" time="0.016">
    </testcase>
    <testcase classname="AuditTrailPage › Data Display" name="should display audit history items when tab is switched" time="0.024">
    </testcase>
    <testcase classname="AuditTrailPage › Error Handling" name="should show error toast when API call fails" time="0.011">
    </testcase>
    <testcase classname="AuditTrailPage › Error Handling" name="should show authentication error when not authenticated" time="0.006">
    </testcase>
    <testcase classname="AuditTrailPage › Loading States" name="should show loading state while fetching data" time="0.114">
    </testcase>
  </testsuite>
  <testsuite name="/api/audit-trail" errors="0" failures="0" skipped="0" timestamp="2025-07-29T02:11:37" time="0.06" tests="12">
    <testcase classname="/api/audit-trail › Authentication" name="should return 401 when no authorization header is provided" time="0.001">
    </testcase>
    <testcase classname="/api/audit-trail › Authentication" name="should return 401 when token verification fails" time="0.001">
    </testcase>
    <testcase classname="/api/audit-trail › Recycle Bin Items (type=deleted)" name="should fetch recycle bin items without filters" time="0">
    </testcase>
    <testcase classname="/api/audit-trail › Recycle Bin Items (type=deleted)" name="should fetch recycle bin items with entity filter" time="0">
    </testcase>
    <testcase classname="/api/audit-trail › Recycle Bin Items (type=deleted)" name="should fetch recycle bin items with date filters" time="0">
    </testcase>
    <testcase classname="/api/audit-trail › Recycle Bin Items (type=deleted)" name="should fetch recycle bin items with entity and date filters combined" time="0">
    </testcase>
    <testcase classname="/api/audit-trail › Audit Entries (type=all)" name="should fetch audit entries without filters" time="0">
    </testcase>
    <testcase classname="/api/audit-trail › Audit Entries (type=all)" name="should fetch audit entries with entity filter" time="0.001">
    </testcase>
    <testcase classname="/api/audit-trail › Audit Entries (type=all)" name="should fetch audit entries with date filters" time="0">
    </testcase>
    <testcase classname="/api/audit-trail › Entity History (type=history)" name="should fetch entity history without date filters" time="0.001">
    </testcase>
    <testcase classname="/api/audit-trail › Entity History (type=history)" name="should fetch entity history with date filters" time="0">
    </testcase>
    <testcase classname="/api/audit-trail › Error Handling" name="should handle service errors gracefully" time="0.001">
    </testcase>
  </testsuite>
</testsuites>